mode: atomic
github.com/IBM/ibm-csi-common/pkg/mountmanager/fake-safe-mounter.go:33.35,37.2 2 1
github.com/IBM/ibm-csi-common/pkg/mountmanager/fake-safe-mounter.go:40.53,59.2 3 2
github.com/IBM/ibm-csi-common/pkg/mountmanager/fake-safe-mounter.go:62.58,64.2 1 0
github.com/IBM/ibm-csi-common/pkg/mountmanager/fake-safe-mounter.go:67.59,69.2 1 0
github.com/IBM/ibm-csi-common/pkg/mountmanager/fake-safe-mounter.go:72.69,73.24 1 0
github.com/IBM/ibm-csi-common/pkg/mountmanager/fake-safe-mounter.go:76.2,76.19 1 0
github.com/IBM/ibm-csi-common/pkg/mountmanager/fake-safe-mounter.go:73.24,75.3 1 0
github.com/IBM/ibm-csi-common/pkg/mountmanager/fake-safe-mounter.go:80.77,82.2 1 0
github.com/IBM/ibm-csi-common/pkg/mountmanager/fake-safe-mounter.go:91.94,94.2 2 0
github.com/IBM/ibm-csi-common/pkg/mountmanager/fake-safe-mounter.go:97.75,99.2 1 0
github.com/IBM/ibm-csi-common/pkg/mountmanager/fake-safe-mounter.go:102.76,104.2 1 0
github.com/IBM/ibm-csi-common/pkg/mountmanager/fake-safe-mounter.go:107.108,110.16 3 0
github.com/IBM/ibm-csi-common/pkg/mountmanager/fake-safe-mounter.go:113.2,113.16 1 0
github.com/IBM/ibm-csi-common/pkg/mountmanager/fake-safe-mounter.go:118.2,118.18 1 0
github.com/IBM/ibm-csi-common/pkg/mountmanager/fake-safe-mounter.go:110.16,112.3 1 0
github.com/IBM/ibm-csi-common/pkg/mountmanager/fake-safe-mounter.go:113.16,114.66 1 0
github.com/IBM/ibm-csi-common/pkg/mountmanager/fake-safe-mounter.go:114.66,116.4 1 0
github.com/IBM/ibm-csi-common/pkg/mountmanager/fake-safe-mounter.go:122.86,123.24 1 0
github.com/IBM/ibm-csi-common/pkg/mountmanager/fake-safe-mounter.go:126.2,126.19 1 0
github.com/IBM/ibm-csi-common/pkg/mountmanager/fake-safe-mounter.go:123.24,125.3 1 0
github.com/IBM/ibm-csi-common/pkg/mountmanager/fake-safe-mounter.go:130.94,132.2 1 0
github.com/IBM/ibm-csi-common/pkg/mountmanager/fake-safe-mounter.go:134.112,155.2 3 0
github.com/IBM/ibm-csi-common/pkg/mountmanager/fake-safe-mounter.go:158.91,159.26 1 0
github.com/IBM/ibm-csi-common/pkg/mountmanager/fake-safe-mounter.go:162.2,162.19 1 0
github.com/IBM/ibm-csi-common/pkg/mountmanager/fake-safe-mounter.go:159.26,161.3 1 0
github.com/IBM/ibm-csi-common/pkg/mountmanager/mount_linux.go:30.51,32.16 2 0
github.com/IBM/ibm-csi-common/pkg/mountmanager/mount_linux.go:37.2,37.33 1 0
github.com/IBM/ibm-csi-common/pkg/mountmanager/mount_linux.go:40.2,40.12 1 0
github.com/IBM/ibm-csi-common/pkg/mountmanager/mount_linux.go:32.16,33.23 1 0
github.com/IBM/ibm-csi-common/pkg/mountmanager/mount_linux.go:33.23,35.4 1 0
github.com/IBM/ibm-csi-common/pkg/mountmanager/mount_linux.go:37.33,39.3 1 0
github.com/IBM/ibm-csi-common/pkg/mountmanager/mount_linux.go:44.50,46.16 2 0
github.com/IBM/ibm-csi-common/pkg/mountmanager/mount_linux.go:51.2,51.12 1 0
github.com/IBM/ibm-csi-common/pkg/mountmanager/mount_linux.go:46.16,47.23 1 0
github.com/IBM/ibm-csi-common/pkg/mountmanager/mount_linux.go:47.23,49.4 1 0
github.com/IBM/ibm-csi-common/pkg/mountmanager/mount_linux.go:55.61,57.2 1 0
github.com/IBM/ibm-csi-common/pkg/mountmanager/mount_linux.go:60.73,62.2 1 0
github.com/IBM/ibm-csi-common/pkg/mountmanager/mount_linux.go:65.87,68.16 3 0
github.com/IBM/ibm-csi-common/pkg/mountmanager/mount_linux.go:71.2,71.16 1 0
github.com/IBM/ibm-csi-common/pkg/mountmanager/mount_linux.go:76.2,76.18 1 0
github.com/IBM/ibm-csi-common/pkg/mountmanager/mount_linux.go:68.16,70.3 1 0
github.com/IBM/ibm-csi-common/pkg/mountmanager/mount_linux.go:71.16,72.66 1 0
github.com/IBM/ibm-csi-common/pkg/mountmanager/mount_linux.go:72.66,74.4 1 0
github.com/IBM/ibm-csi-common/pkg/mountmanager/safe-mounter.go:45.31,49.2 2 1
github.com/IBM/ibm-csi-common/pkg/mountmanager/safe-mounter.go:52.49,59.2 3 2
github.com/IBM/ibm-csi-common/pkg/utils/grpc-client/grpc_client.go:50.93,54.2 3 0
github.com/IBM/ibm-csi-common/pkg/utils/grpc-client/grpc_client.go:57.33,58.19 1 0
github.com/IBM/ibm-csi-common/pkg/utils/grpc-client/grpc_client.go:61.2,61.12 1 0
github.com/IBM/ibm-csi-common/pkg/utils/grpc-client/grpc_client.go:58.19,60.3 1 0
github.com/IBM/ibm-csi-common/pkg/utils/grpc-client/grpc_client.go:65.55,67.2 1 1
github.com/IBM/ibm-csi-common/pkg/utils/grpc-client/grpc_client.go:70.109,72.16 2 2
github.com/IBM/ibm-csi-common/pkg/utils/grpc-client/grpc_client.go:75.2,75.18 1 1
github.com/IBM/ibm-csi-common/pkg/utils/grpc-client/grpc_client.go:72.16,74.3 1 1
github.com/IBM/ibm-csi-common/pkg/utils/get_key.go:38.63,43.16 5 0
github.com/IBM/ibm-csi-common/pkg/utils/get_key.go:47.2,48.16 2 0
github.com/IBM/ibm-csi-common/pkg/utils/get_key.go:52.2,52.25 1 0
github.com/IBM/ibm-csi-common/pkg/utils/get_key.go:43.16,46.3 2 0
github.com/IBM/ibm-csi-common/pkg/utils/get_key.go:48.16,51.3 2 0
github.com/IBM/ibm-csi-common/pkg/utils/lock_store.go:36.45,37.20 1 6
github.com/IBM/ibm-csi-common/pkg/utils/lock_store.go:37.20,39.3 1 1
github.com/IBM/ibm-csi-common/pkg/utils/lock_store.go:42.54,50.26 4 6
github.com/IBM/ibm-csi-common/pkg/utils/lock_store.go:53.2,53.22 1 6
github.com/IBM/ibm-csi-common/pkg/utils/lock_store.go:50.26,52.3 1 2
github.com/IBM/ibm-csi-common/pkg/utils/lock_store.go:57.39,58.18 1 3
github.com/IBM/ibm-csi-common/pkg/utils/lock_store.go:58.18,60.3 1 3
github.com/IBM/ibm-csi-common/pkg/utils/lock_store.go:64.41,65.18 1 3
github.com/IBM/ibm-csi-common/pkg/utils/lock_store.go:65.18,67.3 1 3
github.com/IBM/ibm-csi-common/pkg/utils/logger.go:30.80,32.2 1 2
github.com/IBM/ibm-csi-common/pkg/utils/logger.go:36.114,43.13 7 4
github.com/IBM/ibm-csi-common/pkg/utils/logger.go:49.2,50.126 1 4
github.com/IBM/ibm-csi-common/pkg/utils/logger.go:57.2,59.24 2 4
github.com/IBM/ibm-csi-common/pkg/utils/logger.go:65.2,66.35 2 4
github.com/IBM/ibm-csi-common/pkg/utils/logger.go:43.13,45.3 1 3
github.com/IBM/ibm-csi-common/pkg/utils/logger.go:45.8,47.3 1 1
github.com/IBM/ibm-csi-common/pkg/utils/logger.go:50.126,52.4 1 0
github.com/IBM/ibm-csi-common/pkg/utils/logger.go:53.123,55.4 1 0
github.com/IBM/ibm-csi-common/pkg/utils/logger.go:59.24,64.3 3 3
github.com/IBM/ibm-csi-common/pkg/utils/utils.go:32.112,34.2 1 1
github.com/IBM/ibm-csi-common/pkg/utils/utils.go:37.116,45.2 1 1
github.com/IBM/ibm-csi-common/pkg/utils/utils.go:48.98,56.2 1 1
github.com/IBM/ibm-csi-common/pkg/utils/utils.go:60.48,62.2 1 1
github.com/IBM/ibm-csi-common/pkg/utils/utils.go:65.44,67.2 1 1
github.com/IBM/ibm-csi-common/pkg/utils/utils.go:70.74,72.2 1 1
github.com/IBM/ibm-csi-common/pkg/utils/utils.go:75.63,76.21 1 3
github.com/IBM/ibm-csi-common/pkg/utils/utils.go:79.2,79.30 1 2
github.com/IBM/ibm-csi-common/pkg/utils/utils.go:85.2,85.14 1 1
github.com/IBM/ibm-csi-common/pkg/utils/utils.go:76.21,78.3 1 1
github.com/IBM/ibm-csi-common/pkg/utils/utils.go:79.30,80.20 1 6
github.com/IBM/ibm-csi-common/pkg/utils/utils.go:80.20,82.4 1 1
github.com/IBM/ibm-csi-common/pkg/utils/utils.go:88.32,90.2 1 1
github.com/IBM/ibm-csi-common/pkg/utils/utils.go:93.72,112.20 8 0
github.com/IBM/ibm-csi-common/pkg/utils/utils.go:118.2,118.8 1 0
github.com/IBM/ibm-csi-common/pkg/utils/utils.go:112.20,114.17 2 0
github.com/IBM/ibm-csi-common/pkg/utils/utils.go:114.17,116.4 1 0
github.com/IBM/ibm-csi-common/pkg/messages/messages.go:39.35,41.2 1 2
github.com/IBM/ibm-csi-common/pkg/messages/messages.go:44.34,45.28 1 4
github.com/IBM/ibm-csi-common/pkg/messages/messages.go:48.2,48.132 1 2
github.com/IBM/ibm-csi-common/pkg/messages/messages.go:45.28,47.3 1 2
github.com/IBM/ibm-csi-common/pkg/messages/messages.go:55.107,57.16 2 2
github.com/IBM/ibm-csi-common/pkg/messages/messages.go:60.2,63.51 3 2
github.com/IBM/ibm-csi-common/pkg/messages/messages.go:57.16,59.3 1 1
github.com/IBM/ibm-csi-common/pkg/messages/messages.go:67.62,69.19 2 3
github.com/IBM/ibm-csi-common/pkg/messages/messages.go:72.2,72.16 1 3
github.com/IBM/ibm-csi-common/pkg/messages/messages.go:69.19,71.3 1 1
github.com/IBM/ibm-csi-common/pkg/messages/messages_en.go:335.40,337.2 1 1
github.com/IBM/ibm-csi-common/pkg/metrics/metrics.go:76.36,83.2 6 1
github.com/IBM/ibm-csi-common/pkg/metrics/metrics.go:86.39,88.2 1 1
github.com/IBM/ibm-csi-common/pkg/metrics/metrics.go:91.47,93.2 1 1
github.com/IBM/ibm-csi-common/pkg/metrics/metrics.go:97.88,101.2 3 1
github.com/IBM/ibm-csi-common/pkg/metrics/metrics.go:104.66,106.2 1 2
github.com/IBM/ibm-csi-common/pkg/metrics/metrics.go:109.47,110.16 1 1
github.com/IBM/ibm-csi-common/pkg/metrics/metrics.go:113.2,113.47 1 1
github.com/IBM/ibm-csi-common/pkg/metrics/metrics.go:110.16,112.3 1 1
github.com/IBM/ibm-csi-common/pkg/metrics/metrics.go:117.44,119.2 1 1
github.com/IBM/ibm-csi-common/pkg/metadata/fake_node_metadata.go:43.50,50.31 6 1
github.com/IBM/ibm-csi-common/pkg/metadata/fake_node_metadata.go:53.2,53.20 1 1
github.com/IBM/ibm-csi-common/pkg/metadata/fake_node_metadata.go:56.2,57.28 2 1
github.com/IBM/ibm-csi-common/pkg/metadata/fake_node_metadata.go:50.31,52.3 1 0
github.com/IBM/ibm-csi-common/pkg/metadata/fake_node_metadata.go:53.20,55.3 1 0
github.com/IBM/ibm-csi-common/pkg/metadata/fake_node_metadata.go:60.56,64.2 3 0
github.com/IBM/ibm-csi-common/pkg/metadata/fake_node_metadata.go:66.66,70.2 3 0
github.com/IBM/ibm-csi-common/pkg/metadata/fake_node_metadata.go:72.64,79.2 4 3
github.com/IBM/ibm-csi-common/pkg/metadata/fake_node_metadata.go:81.77,85.40 4 0
github.com/IBM/ibm-csi-common/pkg/metadata/fake_node_metadata.go:90.2,92.12 1 0
github.com/IBM/ibm-csi-common/pkg/metadata/fake_node_metadata.go:85.40,89.3 1 0
github.com/IBM/ibm-csi-common/pkg/metadata/fake_node_metadata.go:95.52,102.33 6 1
github.com/IBM/ibm-csi-common/pkg/metadata/fake_node_metadata.go:105.2,105.20 1 1
github.com/IBM/ibm-csi-common/pkg/metadata/fake_node_metadata.go:108.2,109.28 2 1
github.com/IBM/ibm-csi-common/pkg/metadata/fake_node_metadata.go:102.33,104.3 1 0
github.com/IBM/ibm-csi-common/pkg/metadata/fake_node_metadata.go:105.20,107.3 1 0
github.com/IBM/ibm-csi-common/pkg/metadata/fake_node_metadata.go:112.58,116.2 3 0
github.com/IBM/ibm-csi-common/pkg/metadata/fake_node_metadata.go:118.68,122.2 3 0
github.com/IBM/ibm-csi-common/pkg/metadata/fake_node_metadata.go:124.66,131.2 4 3
github.com/IBM/ibm-csi-common/pkg/metadata/fake_node_metadata.go:133.79,137.42 4 0
github.com/IBM/ibm-csi-common/pkg/metadata/fake_node_metadata.go:142.2,144.12 1 0
github.com/IBM/ibm-csi-common/pkg/metadata/fake_node_metadata.go:137.42,141.3 1 0
github.com/IBM/ibm-csi-common/pkg/metadata/fake_node_metadata.go:147.48,154.29 6 1
github.com/IBM/ibm-csi-common/pkg/metadata/fake_node_metadata.go:157.2,157.20 1 1
github.com/IBM/ibm-csi-common/pkg/metadata/fake_node_metadata.go:160.2,161.28 2 1
github.com/IBM/ibm-csi-common/pkg/metadata/fake_node_metadata.go:154.29,156.3 1 0
github.com/IBM/ibm-csi-common/pkg/metadata/fake_node_metadata.go:157.20,159.3 1 0
github.com/IBM/ibm-csi-common/pkg/metadata/fake_node_metadata.go:164.54,168.2 3 0
github.com/IBM/ibm-csi-common/pkg/metadata/fake_node_metadata.go:170.64,174.2 3 0
github.com/IBM/ibm-csi-common/pkg/metadata/fake_node_metadata.go:176.62,183.2 4 3
github.com/IBM/ibm-csi-common/pkg/metadata/fake_node_metadata.go:185.75,189.38 4 0
github.com/IBM/ibm-csi-common/pkg/metadata/fake_node_metadata.go:194.2,196.12 1 0
github.com/IBM/ibm-csi-common/pkg/metadata/fake_node_metadata.go:189.38,193.3 1 0
github.com/IBM/ibm-csi-common/pkg/metadata/fake_node_metadata.go:199.72,209.43 10 0
github.com/IBM/ibm-csi-common/pkg/metadata/fake_node_metadata.go:212.2,212.26 1 0
github.com/IBM/ibm-csi-common/pkg/metadata/fake_node_metadata.go:209.43,211.3 1 0
github.com/IBM/ibm-csi-common/pkg/metadata/fake_node_metadata.go:215.80,218.29 3 3
github.com/IBM/ibm-csi-common/pkg/metadata/fake_node_metadata.go:221.2,221.34 1 3
github.com/IBM/ibm-csi-common/pkg/metadata/fake_node_metadata.go:224.2,224.61 1 3
github.com/IBM/ibm-csi-common/pkg/metadata/fake_node_metadata.go:218.29,220.3 1 3
github.com/IBM/ibm-csi-common/pkg/metadata/fake_node_metadata.go:221.34,223.3 1 3
github.com/IBM/ibm-csi-common/pkg/metadata/fakemetadata.go:23.78,29.2 1 0
github.com/IBM/ibm-csi-common/pkg/metadata/metadata.go:65.95,67.16 2 1
github.com/IBM/ibm-csi-common/pkg/metadata/metadata.go:71.2,72.16 2 0
github.com/IBM/ibm-csi-common/pkg/metadata/metadata.go:76.2,77.16 2 0
github.com/IBM/ibm-csi-common/pkg/metadata/metadata.go:81.2,82.143 2 0
github.com/IBM/ibm-csi-common/pkg/metadata/metadata.go:87.2,89.57 2 0
github.com/IBM/ibm-csi-common/pkg/metadata/metadata.go:95.2,99.8 1 0
github.com/IBM/ibm-csi-common/pkg/metadata/metadata.go:67.16,69.3 1 1
github.com/IBM/ibm-csi-common/pkg/metadata/metadata.go:72.16,74.3 1 0
github.com/IBM/ibm-csi-common/pkg/metadata/metadata.go:77.16,79.3 1 0
github.com/IBM/ibm-csi-common/pkg/metadata/metadata.go:82.143,85.3 2 0
github.com/IBM/ibm-csi-common/pkg/metadata/metadata.go:89.57,91.3 1 0
github.com/IBM/ibm-csi-common/pkg/metadata/metadata.go:91.8,93.3 1 0
github.com/IBM/ibm-csi-common/pkg/metadata/metadata.go:102.54,104.2 1 1
github.com/IBM/ibm-csi-common/pkg/metadata/metadata.go:106.56,108.2 1 1
github.com/IBM/ibm-csi-common/pkg/metadata/metadata.go:110.58,112.2 1 1
github.com/IBM/ibm-csi-common/pkg/ibmcloudprovider/fake_volume_provider.go:72.72,91.20 8 3
github.com/IBM/ibm-csi-common/pkg/ibmcloudprovider/fake_volume_provider.go:97.2,97.8 1 3
github.com/IBM/ibm-csi-common/pkg/ibmcloudprovider/fake_volume_provider.go:91.20,93.17 2 3
github.com/IBM/ibm-csi-common/pkg/ibmcloudprovider/fake_volume_provider.go:93.17,95.4 1 0
github.com/IBM/ibm-csi-common/pkg/ibmcloudprovider/fake_volume_provider.go:101.90,156.16 5 0
github.com/IBM/ibm-csi-common/pkg/ibmcloudprovider/fake_volume_provider.go:160.2,167.27 3 0
github.com/IBM/ibm-csi-common/pkg/ibmcloudprovider/fake_volume_provider.go:156.16,158.3 1 0
github.com/IBM/ibm-csi-common/pkg/ibmcloudprovider/fake_volume_provider.go:181.114,185.2 1 1
github.com/IBM/ibm-csi-common/pkg/ibmcloudprovider/fake_volume_provider.go:188.128,190.2 1 1
github.com/IBM/ibm-csi-common/pkg/ibmcloudprovider/fake_volume_provider.go:193.69,195.2 1 1
github.com/IBM/ibm-csi-common/pkg/ibmcloudprovider/fake_volume_provider.go:198.78,200.2 1 1
github.com/IBM/ibm-csi-common/pkg/ibmcloudprovider/volume_provider.go:48.133,52.16 3 1
github.com/IBM/ibm-csi-common/pkg/ibmcloudprovider/volume_provider.go:58.2,65.16 4 1
github.com/IBM/ibm-csi-common/pkg/ibmcloudprovider/volume_provider.go:72.2,74.79 3 1
github.com/IBM/ibm-csi-common/pkg/ibmcloudprovider/volume_provider.go:84.2,87.40 2 1
github.com/IBM/ibm-csi-common/pkg/ibmcloudprovider/volume_provider.go:91.2,91.21 1 1
github.com/IBM/ibm-csi-common/pkg/ibmcloudprovider/volume_provider.go:96.2,104.16 3 1
github.com/IBM/ibm-csi-common/pkg/ibmcloudprovider/volume_provider.go:109.2,110.42 2 0
github.com/IBM/ibm-csi-common/pkg/ibmcloudprovider/volume_provider.go:116.2,123.27 3 0
github.com/IBM/ibm-csi-common/pkg/ibmcloudprovider/volume_provider.go:52.16,55.3 2 0
github.com/IBM/ibm-csi-common/pkg/ibmcloudprovider/volume_provider.go:65.16,67.3 1 0
github.com/IBM/ibm-csi-common/pkg/ibmcloudprovider/volume_provider.go:67.8,70.3 2 1
github.com/IBM/ibm-csi-common/pkg/ibmcloudprovider/volume_provider.go:74.79,76.17 2 0
github.com/IBM/ibm-csi-common/pkg/ibmcloudprovider/volume_provider.go:80.3,80.39 1 0
github.com/IBM/ibm-csi-common/pkg/ibmcloudprovider/volume_provider.go:76.17,79.4 2 0
github.com/IBM/ibm-csi-common/pkg/ibmcloudprovider/volume_provider.go:87.40,89.3 1 1
github.com/IBM/ibm-csi-common/pkg/ibmcloudprovider/volume_provider.go:91.21,95.3 1 0
github.com/IBM/ibm-csi-common/pkg/ibmcloudprovider/volume_provider.go:104.16,107.3 2 1
github.com/IBM/ibm-csi-common/pkg/ibmcloudprovider/volume_provider.go:110.42,112.3 1 0
github.com/IBM/ibm-csi-common/pkg/ibmcloudprovider/volume_provider.go:112.8,112.29 1 0
github.com/IBM/ibm-csi-common/pkg/ibmcloudprovider/volume_provider.go:112.29,114.3 1 0
github.com/IBM/ibm-csi-common/pkg/ibmcloudprovider/volume_provider.go:126.28,128.2 1 0
github.com/IBM/ibm-csi-common/pkg/ibmcloudprovider/volume_provider.go:131.123,133.35 2 0
github.com/IBM/ibm-csi-common/pkg/ibmcloudprovider/volume_provider.go:139.2,140.16 2 0
github.com/IBM/ibm-csi-common/pkg/ibmcloudprovider/volume_provider.go:146.2,154.16 3 0
github.com/IBM/ibm-csi-common/pkg/ibmcloudprovider/volume_provider.go:158.2,159.17 2 0
github.com/IBM/ibm-csi-common/pkg/ibmcloudprovider/volume_provider.go:133.35,137.3 1 0
github.com/IBM/ibm-csi-common/pkg/ibmcloudprovider/volume_provider.go:140.16,143.3 2 0
github.com/IBM/ibm-csi-common/pkg/ibmcloudprovider/volume_provider.go:154.16,157.3 2 0
github.com/IBM/ibm-csi-common/pkg/ibmcloudprovider/volume_provider.go:163.64,165.2 1 0
github.com/IBM/ibm-csi-common/pkg/ibmcloudprovider/volume_provider.go:168.73,170.2 1 0
github.com/IBM/ibm-csi-common/pkg/ibmcloudprovider/volume_provider.go:173.60,174.38 1 6
github.com/IBM/ibm-csi-common/pkg/ibmcloudprovider/volume_provider.go:178.2,178.12 1 5
github.com/IBM/ibm-csi-common/pkg/ibmcloudprovider/volume_provider.go:174.38,177.3 2 1
github.com/IBM/ibm-csi-common/pkg/watcher/pv_watcher.go:101.136,108.16 5 0
github.com/IBM/ibm-csi-common/pkg/watcher/pv_watcher.go:112.2,113.16 2 0
github.com/IBM/ibm-csi-common/pkg/watcher/pv_watcher.go:116.2,130.12 7 0
github.com/IBM/ibm-csi-common/pkg/watcher/pv_watcher.go:108.16,110.3 1 0
github.com/IBM/ibm-csi-common/pkg/watcher/pv_watcher.go:113.16,115.3 1 0
github.com/IBM/ibm-csi-common/pkg/watcher/pv_watcher.go:134.31,149.2 7 0
github.com/IBM/ibm-csi-common/pkg/watcher/pv_watcher.go:151.61,153.12 1 2
github.com/IBM/ibm-csi-common/pkg/watcher/pv_watcher.go:153.12,156.16 2 2
github.com/IBM/ibm-csi-common/pkg/watcher/pv_watcher.go:162.3,165.21 4 2
github.com/IBM/ibm-csi-common/pkg/watcher/pv_watcher.go:177.3,177.56 1 0
github.com/IBM/ibm-csi-common/pkg/watcher/pv_watcher.go:156.16,157.32 1 2
github.com/IBM/ibm-csi-common/pkg/watcher/pv_watcher.go:157.32,159.5 1 2
github.com/IBM/ibm-csi-common/pkg/watcher/pv_watcher.go:165.21,169.18 4 0
github.com/IBM/ibm-csi-common/pkg/watcher/pv_watcher.go:169.18,172.5 2 0
github.com/IBM/ibm-csi-common/pkg/watcher/pv_watcher.go:172.10,175.5 2 0
github.com/IBM/ibm-csi-common/pkg/watcher/pv_watcher.go:181.98,187.21 5 4
github.com/IBM/ibm-csi-common/pkg/watcher/pv_watcher.go:191.2,199.39 9 4
github.com/IBM/ibm-csi-common/pkg/watcher/pv_watcher.go:187.21,189.3 1 3
github.com/IBM/ibm-csi-common/pkg/watcher/pv_watcher.go:202.97,213.42 7 2
github.com/IBM/ibm-csi-common/pkg/watcher/pv_watcher.go:226.2,227.15 2 2
github.com/IBM/ibm-csi-common/pkg/watcher/pv_watcher.go:213.42,216.3 1 0
github.com/IBM/ibm-csi-common/pkg/watcher/pv_watcher.go:216.8,225.3 7 2
github.com/IBM/ibm-csi-common/pkg/watcher/pv_watcher.go:230.52,234.37 4 0
github.com/IBM/ibm-csi-common/pkg/watcher/pv_watcher.go:237.2,238.25 2 0
github.com/IBM/ibm-csi-common/pkg/watcher/pv_watcher.go:234.37,236.3 1 0
