mode: atomic
github.com/IBM/ibm-csi-common/pkg/mountmanager/fake-safe-mounter.go:25.53,26.67 1 1
github.com/IBM/ibm-csi-common/pkg/mountmanager/fake-safe-mounter.go:29.2,41.3 3 1
github.com/IBM/ibm-csi-common/pkg/mountmanager/fake-safe-mounter.go:26.67,28.3 1 1
github.com/IBM/ibm-csi-common/pkg/mountmanager/safe-mounter.go:25.49,32.2 3 1
github.com/IBM/ibm-csi-common/pkg/utils/grpc-client/grpc_client.go:37.94,41.2 3 0
github.com/IBM/ibm-csi-common/pkg/utils/grpc-client/grpc_client.go:43.34,44.20 1 0
github.com/IBM/ibm-csi-common/pkg/utils/grpc-client/grpc_client.go:47.2,47.12 1 0
github.com/IBM/ibm-csi-common/pkg/utils/grpc-client/grpc_client.go:44.20,46.3 1 0
github.com/IBM/ibm-csi-common/pkg/utils/grpc-client/grpc_client.go:50.55,52.2 1 1
github.com/IBM/ibm-csi-common/pkg/utils/grpc-client/grpc_client.go:57.109,59.16 2 2
github.com/IBM/ibm-csi-common/pkg/utils/grpc-client/grpc_client.go:62.2,62.18 1 1
github.com/IBM/ibm-csi-common/pkg/utils/grpc-client/grpc_client.go:59.16,61.3 1 1
github.com/IBM/ibm-csi-common/pkg/utils/get_key.go:41.66,45.2 3 0
github.com/IBM/ibm-csi-common/pkg/utils/get_key.go:56.63,61.16 5 0
github.com/IBM/ibm-csi-common/pkg/utils/get_key.go:65.2,66.16 2 0
github.com/IBM/ibm-csi-common/pkg/utils/get_key.go:70.2,70.25 1 0
github.com/IBM/ibm-csi-common/pkg/utils/get_key.go:61.16,64.3 2 0
github.com/IBM/ibm-csi-common/pkg/utils/get_key.go:66.16,69.3 2 0
github.com/IBM/ibm-csi-common/pkg/utils/get_key.go:80.59,86.2 3 0
github.com/IBM/ibm-csi-common/pkg/utils/get_key.go:89.65,95.16 5 0
github.com/IBM/ibm-csi-common/pkg/utils/get_key.go:101.2,107.31 6 0
github.com/IBM/ibm-csi-common/pkg/utils/get_key.go:114.2,114.27 1 0
github.com/IBM/ibm-csi-common/pkg/utils/get_key.go:130.2,130.12 1 0
github.com/IBM/ibm-csi-common/pkg/utils/get_key.go:95.16,98.3 2 0
github.com/IBM/ibm-csi-common/pkg/utils/get_key.go:107.31,109.17 2 0
github.com/IBM/ibm-csi-common/pkg/utils/get_key.go:112.3,112.43 1 0
github.com/IBM/ibm-csi-common/pkg/utils/get_key.go:109.17,111.4 1 0
github.com/IBM/ibm-csi-common/pkg/utils/get_key.go:114.27,115.30 1 0
github.com/IBM/ibm-csi-common/pkg/utils/get_key.go:122.3,122.32 1 0
github.com/IBM/ibm-csi-common/pkg/utils/get_key.go:115.30,117.18 2 0
github.com/IBM/ibm-csi-common/pkg/utils/get_key.go:120.4,120.37 1 0
github.com/IBM/ibm-csi-common/pkg/utils/get_key.go:117.18,119.5 1 0
github.com/IBM/ibm-csi-common/pkg/utils/get_key.go:122.32,124.18 2 0
github.com/IBM/ibm-csi-common/pkg/utils/get_key.go:127.4,127.39 1 0
github.com/IBM/ibm-csi-common/pkg/utils/get_key.go:124.18,126.5 1 0
github.com/IBM/ibm-csi-common/pkg/utils/lock_store.go:36.45,37.20 1 6
github.com/IBM/ibm-csi-common/pkg/utils/lock_store.go:37.20,39.3 1 1
github.com/IBM/ibm-csi-common/pkg/utils/lock_store.go:42.54,51.26 4 6
github.com/IBM/ibm-csi-common/pkg/utils/lock_store.go:54.2,54.22 1 6
github.com/IBM/ibm-csi-common/pkg/utils/lock_store.go:51.26,53.3 1 2
github.com/IBM/ibm-csi-common/pkg/utils/lock_store.go:58.39,59.18 1 3
github.com/IBM/ibm-csi-common/pkg/utils/lock_store.go:59.18,61.3 1 3
github.com/IBM/ibm-csi-common/pkg/utils/lock_store.go:65.41,66.18 1 3
github.com/IBM/ibm-csi-common/pkg/utils/lock_store.go:66.18,68.3 1 3
github.com/IBM/ibm-csi-common/pkg/utils/logger.go:30.80,32.2 1 2
github.com/IBM/ibm-csi-common/pkg/utils/logger.go:36.114,43.13 7 4
github.com/IBM/ibm-csi-common/pkg/utils/logger.go:49.2,50.126 1 4
github.com/IBM/ibm-csi-common/pkg/utils/logger.go:57.2,59.24 2 4
github.com/IBM/ibm-csi-common/pkg/utils/logger.go:64.2,65.35 2 4
github.com/IBM/ibm-csi-common/pkg/utils/logger.go:43.13,45.3 1 3
github.com/IBM/ibm-csi-common/pkg/utils/logger.go:45.8,47.3 1 1
github.com/IBM/ibm-csi-common/pkg/utils/logger.go:50.126,52.4 1 0
github.com/IBM/ibm-csi-common/pkg/utils/logger.go:53.123,55.4 1 0
github.com/IBM/ibm-csi-common/pkg/utils/logger.go:59.24,63.3 2 3
github.com/IBM/ibm-csi-common/pkg/utils/utils.go:32.112,34.2 1 1
github.com/IBM/ibm-csi-common/pkg/utils/utils.go:37.116,45.2 1 1
github.com/IBM/ibm-csi-common/pkg/utils/utils.go:48.98,56.2 1 1
github.com/IBM/ibm-csi-common/pkg/utils/utils.go:60.48,62.2 1 1
github.com/IBM/ibm-csi-common/pkg/utils/utils.go:65.44,67.2 1 1
github.com/IBM/ibm-csi-common/pkg/utils/utils.go:70.74,72.2 1 1
github.com/IBM/ibm-csi-common/pkg/utils/utils.go:75.63,76.21 1 3
github.com/IBM/ibm-csi-common/pkg/utils/utils.go:79.2,79.30 1 2
github.com/IBM/ibm-csi-common/pkg/utils/utils.go:85.2,85.14 1 1
github.com/IBM/ibm-csi-common/pkg/utils/utils.go:76.21,78.3 1 1
github.com/IBM/ibm-csi-common/pkg/utils/utils.go:79.30,80.20 1 6
github.com/IBM/ibm-csi-common/pkg/utils/utils.go:80.20,82.4 1 1
github.com/IBM/ibm-csi-common/pkg/utils/utils.go:88.32,90.2 1 1
github.com/IBM/ibm-csi-common/pkg/utils/utils.go:93.72,113.20 8 0
github.com/IBM/ibm-csi-common/pkg/utils/utils.go:119.2,119.8 1 0
github.com/IBM/ibm-csi-common/pkg/utils/utils.go:113.20,115.17 2 0
github.com/IBM/ibm-csi-common/pkg/utils/utils.go:115.17,117.4 1 0
github.com/IBM/ibm-csi-common/pkg/messages/messages.go:39.35,41.2 1 2
github.com/IBM/ibm-csi-common/pkg/messages/messages.go:44.34,45.28 1 4
github.com/IBM/ibm-csi-common/pkg/messages/messages.go:48.2,48.132 1 2
github.com/IBM/ibm-csi-common/pkg/messages/messages.go:45.28,47.3 1 2
github.com/IBM/ibm-csi-common/pkg/messages/messages.go:55.107,57.16 2 2
github.com/IBM/ibm-csi-common/pkg/messages/messages.go:60.2,63.51 3 2
github.com/IBM/ibm-csi-common/pkg/messages/messages.go:57.16,59.3 1 1
github.com/IBM/ibm-csi-common/pkg/messages/messages.go:67.62,69.19 2 3
github.com/IBM/ibm-csi-common/pkg/messages/messages.go:72.2,72.16 1 3
github.com/IBM/ibm-csi-common/pkg/messages/messages.go:69.19,71.3 1 1
github.com/IBM/ibm-csi-common/pkg/messages/messages_en.go:251.40,253.2 1 1
github.com/IBM/ibm-csi-common/pkg/metrics/metrics.go:76.36,83.2 6 1
github.com/IBM/ibm-csi-common/pkg/metrics/metrics.go:86.39,88.2 1 1
github.com/IBM/ibm-csi-common/pkg/metrics/metrics.go:91.47,93.2 1 1
github.com/IBM/ibm-csi-common/pkg/metrics/metrics.go:97.88,101.2 3 1
github.com/IBM/ibm-csi-common/pkg/metrics/metrics.go:104.66,106.2 1 2
github.com/IBM/ibm-csi-common/pkg/metrics/metrics.go:109.47,110.16 1 1
github.com/IBM/ibm-csi-common/pkg/metrics/metrics.go:113.2,113.47 1 1
github.com/IBM/ibm-csi-common/pkg/metrics/metrics.go:110.16,112.3 1 1
github.com/IBM/ibm-csi-common/pkg/metrics/metrics.go:117.44,119.2 1 1
github.com/IBM/ibm-csi-common/pkg/ibmcloudprovider/fake_volume_provider.go:72.72,92.20 8 4
github.com/IBM/ibm-csi-common/pkg/ibmcloudprovider/fake_volume_provider.go:98.2,98.8 1 4
github.com/IBM/ibm-csi-common/pkg/ibmcloudprovider/fake_volume_provider.go:92.20,94.17 2 4
github.com/IBM/ibm-csi-common/pkg/ibmcloudprovider/fake_volume_provider.go:94.17,96.4 1 0
github.com/IBM/ibm-csi-common/pkg/ibmcloudprovider/fake_volume_provider.go:102.90,157.16 5 1
github.com/IBM/ibm-csi-common/pkg/ibmcloudprovider/fake_volume_provider.go:161.2,168.27 3 1
github.com/IBM/ibm-csi-common/pkg/ibmcloudprovider/fake_volume_provider.go:157.16,159.3 1 0
github.com/IBM/ibm-csi-common/pkg/ibmcloudprovider/fake_volume_provider.go:182.114,186.2 1 1
github.com/IBM/ibm-csi-common/pkg/ibmcloudprovider/fake_volume_provider.go:189.128,191.2 1 1
github.com/IBM/ibm-csi-common/pkg/ibmcloudprovider/fake_volume_provider.go:194.69,196.2 1 1
github.com/IBM/ibm-csi-common/pkg/ibmcloudprovider/fake_volume_provider.go:199.78,201.2 1 1
github.com/IBM/ibm-csi-common/pkg/ibmcloudprovider/volume_provider.go:47.106,51.16 3 2
github.com/IBM/ibm-csi-common/pkg/ibmcloudprovider/volume_provider.go:56.2,57.16 2 2
github.com/IBM/ibm-csi-common/pkg/ibmcloudprovider/volume_provider.go:64.2,65.16 2 2
github.com/IBM/ibm-csi-common/pkg/ibmcloudprovider/volume_provider.go:69.2,69.52 1 2
github.com/IBM/ibm-csi-common/pkg/ibmcloudprovider/volume_provider.go:86.2,86.40 1 2
github.com/IBM/ibm-csi-common/pkg/ibmcloudprovider/volume_provider.go:90.2,90.21 1 2
github.com/IBM/ibm-csi-common/pkg/ibmcloudprovider/volume_provider.go:95.2,103.16 3 2
github.com/IBM/ibm-csi-common/pkg/ibmcloudprovider/volume_provider.go:107.2,108.42 2 2
github.com/IBM/ibm-csi-common/pkg/ibmcloudprovider/volume_provider.go:114.2,121.27 3 2
github.com/IBM/ibm-csi-common/pkg/ibmcloudprovider/volume_provider.go:51.16,54.3 2 0
github.com/IBM/ibm-csi-common/pkg/ibmcloudprovider/volume_provider.go:57.16,59.3 1 0
github.com/IBM/ibm-csi-common/pkg/ibmcloudprovider/volume_provider.go:59.8,62.3 2 2
github.com/IBM/ibm-csi-common/pkg/ibmcloudprovider/volume_provider.go:65.16,68.3 2 0
github.com/IBM/ibm-csi-common/pkg/ibmcloudprovider/volume_provider.go:69.52,72.17 2 2
github.com/IBM/ibm-csi-common/pkg/ibmcloudprovider/volume_provider.go:76.3,76.41 1 2
github.com/IBM/ibm-csi-common/pkg/ibmcloudprovider/volume_provider.go:72.17,75.4 2 0
github.com/IBM/ibm-csi-common/pkg/ibmcloudprovider/volume_provider.go:76.41,78.18 2 0
github.com/IBM/ibm-csi-common/pkg/ibmcloudprovider/volume_provider.go:78.18,81.5 2 0
github.com/IBM/ibm-csi-common/pkg/ibmcloudprovider/volume_provider.go:86.40,88.3 1 2
github.com/IBM/ibm-csi-common/pkg/ibmcloudprovider/volume_provider.go:90.21,94.3 1 0
github.com/IBM/ibm-csi-common/pkg/ibmcloudprovider/volume_provider.go:103.16,105.3 1 0
github.com/IBM/ibm-csi-common/pkg/ibmcloudprovider/volume_provider.go:108.42,110.3 1 0
github.com/IBM/ibm-csi-common/pkg/ibmcloudprovider/volume_provider.go:110.8,110.29 1 2
github.com/IBM/ibm-csi-common/pkg/ibmcloudprovider/volume_provider.go:110.29,112.3 1 2
github.com/IBM/ibm-csi-common/pkg/ibmcloudprovider/volume_provider.go:124.28,126.2 1 2
github.com/IBM/ibm-csi-common/pkg/ibmcloudprovider/volume_provider.go:129.123,131.35 2 1
github.com/IBM/ibm-csi-common/pkg/ibmcloudprovider/volume_provider.go:136.2,143.27 3 1
github.com/IBM/ibm-csi-common/pkg/ibmcloudprovider/volume_provider.go:149.2,150.21 2 0
github.com/IBM/ibm-csi-common/pkg/ibmcloudprovider/volume_provider.go:131.35,135.3 1 0
github.com/IBM/ibm-csi-common/pkg/ibmcloudprovider/volume_provider.go:143.27,146.3 2 1
github.com/IBM/ibm-csi-common/pkg/ibmcloudprovider/volume_provider.go:154.64,156.2 1 0
github.com/IBM/ibm-csi-common/pkg/ibmcloudprovider/volume_provider.go:159.73,161.2 1 0
github.com/IBM/ibm-csi-common/pkg/metadata/fake_node_metadata.go:43.50,50.31 6 1
github.com/IBM/ibm-csi-common/pkg/metadata/fake_node_metadata.go:53.2,53.20 1 1
github.com/IBM/ibm-csi-common/pkg/metadata/fake_node_metadata.go:56.2,57.28 2 1
github.com/IBM/ibm-csi-common/pkg/metadata/fake_node_metadata.go:50.31,52.3 1 0
github.com/IBM/ibm-csi-common/pkg/metadata/fake_node_metadata.go:53.20,55.3 1 0
github.com/IBM/ibm-csi-common/pkg/metadata/fake_node_metadata.go:60.56,64.2 3 0
github.com/IBM/ibm-csi-common/pkg/metadata/fake_node_metadata.go:66.66,70.2 3 0
github.com/IBM/ibm-csi-common/pkg/metadata/fake_node_metadata.go:72.64,79.2 4 3
github.com/IBM/ibm-csi-common/pkg/metadata/fake_node_metadata.go:81.77,85.40 4 0
github.com/IBM/ibm-csi-common/pkg/metadata/fake_node_metadata.go:90.2,92.12 1 0
github.com/IBM/ibm-csi-common/pkg/metadata/fake_node_metadata.go:85.40,89.3 1 0
github.com/IBM/ibm-csi-common/pkg/metadata/fake_node_metadata.go:95.52,102.33 6 1
github.com/IBM/ibm-csi-common/pkg/metadata/fake_node_metadata.go:105.2,105.20 1 1
github.com/IBM/ibm-csi-common/pkg/metadata/fake_node_metadata.go:108.2,109.28 2 1
github.com/IBM/ibm-csi-common/pkg/metadata/fake_node_metadata.go:102.33,104.3 1 0
github.com/IBM/ibm-csi-common/pkg/metadata/fake_node_metadata.go:105.20,107.3 1 0
github.com/IBM/ibm-csi-common/pkg/metadata/fake_node_metadata.go:112.58,116.2 3 0
github.com/IBM/ibm-csi-common/pkg/metadata/fake_node_metadata.go:118.68,122.2 3 0
github.com/IBM/ibm-csi-common/pkg/metadata/fake_node_metadata.go:124.66,131.2 4 3
github.com/IBM/ibm-csi-common/pkg/metadata/fake_node_metadata.go:133.79,137.42 4 0
github.com/IBM/ibm-csi-common/pkg/metadata/fake_node_metadata.go:142.2,144.12 1 0
github.com/IBM/ibm-csi-common/pkg/metadata/fake_node_metadata.go:137.42,141.3 1 0
github.com/IBM/ibm-csi-common/pkg/metadata/fake_node_metadata.go:147.48,154.29 6 1
github.com/IBM/ibm-csi-common/pkg/metadata/fake_node_metadata.go:157.2,157.20 1 1
github.com/IBM/ibm-csi-common/pkg/metadata/fake_node_metadata.go:160.2,161.28 2 1
github.com/IBM/ibm-csi-common/pkg/metadata/fake_node_metadata.go:154.29,156.3 1 0
github.com/IBM/ibm-csi-common/pkg/metadata/fake_node_metadata.go:157.20,159.3 1 0
github.com/IBM/ibm-csi-common/pkg/metadata/fake_node_metadata.go:164.54,168.2 3 0
github.com/IBM/ibm-csi-common/pkg/metadata/fake_node_metadata.go:170.64,174.2 3 0
github.com/IBM/ibm-csi-common/pkg/metadata/fake_node_metadata.go:176.62,183.2 4 3
github.com/IBM/ibm-csi-common/pkg/metadata/fake_node_metadata.go:185.75,189.38 4 0
github.com/IBM/ibm-csi-common/pkg/metadata/fake_node_metadata.go:194.2,196.12 1 0
github.com/IBM/ibm-csi-common/pkg/metadata/fake_node_metadata.go:189.38,193.3 1 0
github.com/IBM/ibm-csi-common/pkg/metadata/fake_node_metadata.go:199.72,209.43 10 0
github.com/IBM/ibm-csi-common/pkg/metadata/fake_node_metadata.go:212.2,212.26 1 0
github.com/IBM/ibm-csi-common/pkg/metadata/fake_node_metadata.go:209.43,211.3 1 0
github.com/IBM/ibm-csi-common/pkg/metadata/fake_node_metadata.go:215.80,218.29 3 3
github.com/IBM/ibm-csi-common/pkg/metadata/fake_node_metadata.go:221.2,221.34 1 3
github.com/IBM/ibm-csi-common/pkg/metadata/fake_node_metadata.go:224.2,224.61 1 3
github.com/IBM/ibm-csi-common/pkg/metadata/fake_node_metadata.go:218.29,220.3 1 3
github.com/IBM/ibm-csi-common/pkg/metadata/fake_node_metadata.go:221.34,223.3 1 3
github.com/IBM/ibm-csi-common/pkg/metadata/metadata.go:51.81,53.16 2 1
github.com/IBM/ibm-csi-common/pkg/metadata/metadata.go:57.2,58.16 2 0
github.com/IBM/ibm-csi-common/pkg/metadata/metadata.go:62.2,63.16 2 0
github.com/IBM/ibm-csi-common/pkg/metadata/metadata.go:67.2,68.143 2 0
github.com/IBM/ibm-csi-common/pkg/metadata/metadata.go:73.2,77.8 1 0
github.com/IBM/ibm-csi-common/pkg/metadata/metadata.go:53.16,55.3 1 1
github.com/IBM/ibm-csi-common/pkg/metadata/metadata.go:58.16,60.3 1 0
github.com/IBM/ibm-csi-common/pkg/metadata/metadata.go:63.16,65.3 1 0
github.com/IBM/ibm-csi-common/pkg/metadata/metadata.go:68.143,71.3 2 0
github.com/IBM/ibm-csi-common/pkg/metadata/metadata.go:80.54,82.2 1 1
github.com/IBM/ibm-csi-common/pkg/metadata/metadata.go:84.56,86.2 1 1
github.com/IBM/ibm-csi-common/pkg/metadata/metadata.go:88.58,90.2 1 1
github.com/IBM/ibm-csi-common/pkg/watcher/pv_watcher.go:101.136,108.16 5 0
github.com/IBM/ibm-csi-common/pkg/watcher/pv_watcher.go:112.2,113.16 2 0
github.com/IBM/ibm-csi-common/pkg/watcher/pv_watcher.go:116.2,130.12 7 0
github.com/IBM/ibm-csi-common/pkg/watcher/pv_watcher.go:108.16,110.3 1 0
github.com/IBM/ibm-csi-common/pkg/watcher/pv_watcher.go:113.16,115.3 1 0
github.com/IBM/ibm-csi-common/pkg/watcher/pv_watcher.go:135.31,150.2 7 0
github.com/IBM/ibm-csi-common/pkg/watcher/pv_watcher.go:152.61,154.12 1 2
github.com/IBM/ibm-csi-common/pkg/watcher/pv_watcher.go:154.12,157.16 2 2
github.com/IBM/ibm-csi-common/pkg/watcher/pv_watcher.go:163.3,166.21 4 2
github.com/IBM/ibm-csi-common/pkg/watcher/pv_watcher.go:178.3,178.56 1 0
github.com/IBM/ibm-csi-common/pkg/watcher/pv_watcher.go:157.16,158.32 1 2
github.com/IBM/ibm-csi-common/pkg/watcher/pv_watcher.go:158.32,160.5 1 2
github.com/IBM/ibm-csi-common/pkg/watcher/pv_watcher.go:166.21,170.18 4 0
github.com/IBM/ibm-csi-common/pkg/watcher/pv_watcher.go:170.18,173.5 2 0
github.com/IBM/ibm-csi-common/pkg/watcher/pv_watcher.go:173.10,176.5 2 0
github.com/IBM/ibm-csi-common/pkg/watcher/pv_watcher.go:182.98,188.21 5 4
github.com/IBM/ibm-csi-common/pkg/watcher/pv_watcher.go:192.2,200.39 9 4
github.com/IBM/ibm-csi-common/pkg/watcher/pv_watcher.go:188.21,190.3 1 3
github.com/IBM/ibm-csi-common/pkg/watcher/pv_watcher.go:204.97,215.42 7 2
github.com/IBM/ibm-csi-common/pkg/watcher/pv_watcher.go:228.2,229.15 2 2
github.com/IBM/ibm-csi-common/pkg/watcher/pv_watcher.go:215.42,218.3 1 0
github.com/IBM/ibm-csi-common/pkg/watcher/pv_watcher.go:218.8,227.3 7 2
github.com/IBM/ibm-csi-common/pkg/watcher/pv_watcher.go:232.52,238.2 5 0
